# Logfile created on 2020-03-20 07:02:42 +0000 by logger.rb/47272
A, [2020-03-20T07:02:42.286655 #2771]   ANY -- : healthd daemon 1.0.3 initialized
W, [2020-03-20T07:02:42.363935 #2771]  WARN -- : log file "/var/log/httpd/healthd/application.log.2020-03-20-07" does not exist
W, [2020-03-20T07:02:47.364202 #2771]  WARN -- : log file "/var/log/httpd/healthd/application.log.2020-03-20-07" does not exist
W, [2020-03-20T07:02:52.364462 #2771]  WARN -- : log file "/var/log/httpd/healthd/application.log.2020-03-20-07" does not exist
W, [2020-03-20T07:02:57.364767 #2771]  WARN -- : log file "/var/log/httpd/healthd/application.log.2020-03-20-07" does not exist
W, [2020-03-20T07:03:02.365054 #2771]  WARN -- : log file "/var/log/httpd/healthd/application.log.2020-03-20-07" does not exist
W, [2020-03-20T07:03:07.365386 #2771]  WARN -- : log file "/var/log/httpd/healthd/application.log.2020-03-20-07" does not exist
W, [2020-03-20T07:03:12.365683 #2771]  WARN -- : log file "/var/log/httpd/healthd/application.log.2020-03-20-07" does not exist
W, [2020-03-20T07:03:17.365991 #2771]  WARN -- : log file "/var/log/httpd/healthd/application.log.2020-03-20-07" does not exist
W, [2020-03-20T07:03:22.366240 #2771]  WARN -- : log file "/var/log/httpd/healthd/application.log.2020-03-20-07" does not exist
W, [2020-03-20T07:03:27.366496 #2771]  WARN -- : log file "/var/log/httpd/healthd/application.log.2020-03-20-07" does not exist
W, [2020-03-20T07:11:12.307753 #2771]  WARN -- : discarding statistic item after validation error (Invalid timestamp): {:id=>"0", :namespace=>"application", :timestamp=>1584687810, :data=>"{\"duration\":10,\"latency_histogram\":[[0.105,1]],\"http_counters\":{\"status_200\":1,\"request_count\":1}}"}
W, [2020-03-20T07:37:22.306084 #2771]  WARN -- : discarding statistic item after validation error (Invalid timestamp): {:id=>"0", :namespace=>"application", :timestamp=>1584688280, :data=>"{\"duration\":10,\"latency_histogram\":[[0.001,1]],\"http_counters\":{\"status_200\":1,\"request_count\":1}}"}
W, [2020-03-20T08:00:00.979969 #2771]  WARN -- : log file "/var/log/httpd/healthd/application.log.2020-03-20-08" does not exist
W, [2020-03-20T08:00:05.980285 #2771]  WARN -- : log file "/var/log/httpd/healthd/application.log.2020-03-20-08" does not exist
W, [2020-03-20T08:00:10.980574 #2771]  WARN -- : log file "/var/log/httpd/healthd/application.log.2020-03-20-08" does not exist
W, [2020-03-20T08:00:15.980874 #2771]  WARN -- : log file "/var/log/httpd/healthd/application.log.2020-03-20-08" does not exist
W, [2020-03-20T08:00:20.981176 #2771]  WARN -- : log file "/var/log/httpd/healthd/application.log.2020-03-20-08" does not exist
W, [2020-03-20T08:00:25.981469 #2771]  WARN -- : log file "/var/log/httpd/healthd/application.log.2020-03-20-08" does not exist
W, [2020-03-20T08:00:30.981756 #2771]  WARN -- : log file "/var/log/httpd/healthd/application.log.2020-03-20-08" does not exist
W, [2020-03-20T08:00:35.982071 #2771]  WARN -- : log file "/var/log/httpd/healthd/application.log.2020-03-20-08" does not exist
W, [2020-03-20T08:00:40.982378 #2771]  WARN -- : log file "/var/log/httpd/healthd/application.log.2020-03-20-08" does not exist
W, [2020-03-20T08:00:45.982678 #2771]  WARN -- : log file "/var/log/httpd/healthd/application.log.2020-03-20-08" does not exist
W, [2020-03-20T08:00:50.982977 #2771]  WARN -- : log file "/var/log/httpd/healthd/application.log.2020-03-20-08" does not exist
W, [2020-03-20T08:00:55.983275 #2771]  WARN -- : log file "/var/log/httpd/healthd/application.log.2020-03-20-08" does not exist
W, [2020-03-20T08:01:00.983575 #2771]  WARN -- : log file "/var/log/httpd/healthd/application.log.2020-03-20-08" does not exist
W, [2020-03-20T08:01:05.983882 #2771]  WARN -- : log file "/var/log/httpd/healthd/application.log.2020-03-20-08" does not exist
W, [2020-03-20T08:01:10.984171 #2771]  WARN -- : log file "/var/log/httpd/healthd/application.log.2020-03-20-08" does not exist
W, [2020-03-20T08:01:15.984449 #2771]  WARN -- : log file "/var/log/httpd/healthd/application.log.2020-03-20-08" does not exist
W, [2020-03-20T08:01:20.984745 #2771]  WARN -- : log file "/var/log/httpd/healthd/application.log.2020-03-20-08" does not exist
W, [2020-03-20T08:01:25.985110 #2771]  WARN -- : log file "/var/log/httpd/healthd/application.log.2020-03-20-08" does not exist
W, [2020-03-20T08:01:30.985506 #2771]  WARN -- : log file "/var/log/httpd/healthd/application.log.2020-03-20-08" does not exist
W, [2020-03-20T08:01:35.985821 #2771]  WARN -- : log file "/var/log/httpd/healthd/application.log.2020-03-20-08" does not exist
W, [2020-03-20T08:01:40.986118 #2771]  WARN -- : log file "/var/log/httpd/healthd/application.log.2020-03-20-08" does not exist
W, [2020-03-20T08:01:45.986434 #2771]  WARN -- : log file "/var/log/httpd/healthd/application.log.2020-03-20-08" does not exist
W, [2020-03-20T08:01:50.986733 #2771]  WARN -- : log file "/var/log/httpd/healthd/application.log.2020-03-20-08" does not exist
W, [2020-03-20T08:01:55.987092 #2771]  WARN -- : log file "/var/log/httpd/healthd/application.log.2020-03-20-08" does not exist
W, [2020-03-20T08:02:00.987402 #2771]  WARN -- : log file "/var/log/httpd/healthd/application.log.2020-03-20-08" does not exist
W, [2020-03-20T08:02:05.987708 #2771]  WARN -- : log file "/var/log/httpd/healthd/application.log.2020-03-20-08" does not exist
W, [2020-03-20T08:02:10.988030 #2771]  WARN -- : log file "/var/log/httpd/healthd/application.log.2020-03-20-08" does not exist
W, [2020-03-20T08:02:15.988378 #2771]  WARN -- : log file "/var/log/httpd/healthd/application.log.2020-03-20-08" does not exist
W, [2020-03-20T08:02:20.988679 #2771]  WARN -- : log file "/var/log/httpd/healthd/application.log.2020-03-20-08" does not exist
W, [2020-03-20T08:02:25.989014 #2771]  WARN -- : log file "/var/log/httpd/healthd/application.log.2020-03-20-08" does not exist
W, [2020-03-20T08:02:30.989329 #2771]  WARN -- : log file "/var/log/httpd/healthd/application.log.2020-03-20-08" does not exist
W, [2020-03-20T08:02:35.989623 #2771]  WARN -- : log file "/var/log/httpd/healthd/application.log.2020-03-20-08" does not exist
W, [2020-03-20T08:02:40.989917 #2771]  WARN -- : log file "/var/log/httpd/healthd/application.log.2020-03-20-08" does not exist
W, [2020-03-20T08:02:45.990217 #2771]  WARN -- : log file "/var/log/httpd/healthd/application.log.2020-03-20-08" does not exist
W, [2020-03-20T08:02:50.990526 #2771]  WARN -- : log file "/var/log/httpd/healthd/application.log.2020-03-20-08" does not exist
W, [2020-03-20T08:02:55.990810 #2771]  WARN -- : log file "/var/log/httpd/healthd/application.log.2020-03-20-08" does not exist
W, [2020-03-20T08:03:00.991109 #2771]  WARN -- : log file "/var/log/httpd/healthd/application.log.2020-03-20-08" does not exist
W, [2020-03-20T08:03:05.991409 #2771]  WARN -- : log file "/var/log/httpd/healthd/application.log.2020-03-20-08" does not exist
W, [2020-03-20T08:03:10.991614 #2771]  WARN -- : log file "/var/log/httpd/healthd/application.log.2020-03-20-08" does not exist
W, [2020-03-20T08:03:15.991897 #2771]  WARN -- : log file "/var/log/httpd/healthd/application.log.2020-03-20-08" does not exist
W, [2020-03-20T08:03:20.992210 #2771]  WARN -- : log file "/var/log/httpd/healthd/application.log.2020-03-20-08" does not exist
W, [2020-03-20T08:03:25.992516 #2771]  WARN -- : log file "/var/log/httpd/healthd/application.log.2020-03-20-08" does not exist
W, [2020-03-20T08:03:30.992836 #2771]  WARN -- : log file "/var/log/httpd/healthd/application.log.2020-03-20-08" does not exist
W, [2020-03-20T08:03:35.993162 #2771]  WARN -- : log file "/var/log/httpd/healthd/application.log.2020-03-20-08" does not exist
W, [2020-03-20T08:03:40.993500 #2771]  WARN -- : log file "/var/log/httpd/healthd/application.log.2020-03-20-08" does not exist
W, [2020-03-20T08:03:45.993808 #2771]  WARN -- : log file "/var/log/httpd/healthd/application.log.2020-03-20-08" does not exist
W, [2020-03-20T08:03:50.994160 #2771]  WARN -- : log file "/var/log/httpd/healthd/application.log.2020-03-20-08" does not exist
W, [2020-03-20T08:03:55.994495 #2771]  WARN -- : log file "/var/log/httpd/healthd/application.log.2020-03-20-08" does not exist
W, [2020-03-20T08:04:00.994792 #2771]  WARN -- : log file "/var/log/httpd/healthd/application.log.2020-03-20-08" does not exist
W, [2020-03-20T08:04:05.995100 #2771]  WARN -- : log file "/var/log/httpd/healthd/application.log.2020-03-20-08" does not exist
W, [2020-03-20T08:04:10.995400 #2771]  WARN -- : log file "/var/log/httpd/healthd/application.log.2020-03-20-08" does not exist
W, [2020-03-20T08:04:15.995704 #2771]  WARN -- : log file "/var/log/httpd/healthd/application.log.2020-03-20-08" does not exist
W, [2020-03-20T08:04:20.996001 #2771]  WARN -- : log file "/var/log/httpd/healthd/application.log.2020-03-20-08" does not exist
W, [2020-03-20T08:04:25.996293 #2771]  WARN -- : log file "/var/log/httpd/healthd/application.log.2020-03-20-08" does not exist
W, [2020-03-20T08:04:30.996592 #2771]  WARN -- : log file "/var/log/httpd/healthd/application.log.2020-03-20-08" does not exist
W, [2020-03-20T08:04:35.996889 #2771]  WARN -- : log file "/var/log/httpd/healthd/application.log.2020-03-20-08" does not exist
W, [2020-03-20T08:04:40.997177 #2771]  WARN -- : log file "/var/log/httpd/healthd/application.log.2020-03-20-08" does not exist
W, [2020-03-20T08:04:45.997466 #2771]  WARN -- : log file "/var/log/httpd/healthd/application.log.2020-03-20-08" does not exist
W, [2020-03-20T08:04:50.997789 #2771]  WARN -- : log file "/var/log/httpd/healthd/application.log.2020-03-20-08" does not exist
W, [2020-03-20T08:04:55.998084 #2771]  WARN -- : log file "/var/log/httpd/healthd/application.log.2020-03-20-08" does not exist
W, [2020-03-20T08:05:00.998423 #2771]  WARN -- : log file "/var/log/httpd/healthd/application.log.2020-03-20-08" does not exist
W, [2020-03-20T08:05:05.998715 #2771]  WARN -- : log file "/var/log/httpd/healthd/application.log.2020-03-20-08" does not exist
W, [2020-03-20T08:05:10.999003 #2771]  WARN -- : log file "/var/log/httpd/healthd/application.log.2020-03-20-08" does not exist
W, [2020-03-20T08:05:15.999296 #2771]  WARN -- : log file "/var/log/httpd/healthd/application.log.2020-03-20-08" does not exist
W, [2020-03-20T08:05:20.999606 #2771]  WARN -- : log file "/var/log/httpd/healthd/application.log.2020-03-20-08" does not exist
W, [2020-03-20T08:05:25.999940 #2771]  WARN -- : log file "/var/log/httpd/healthd/application.log.2020-03-20-08" does not exist
W, [2020-03-20T08:05:31.000229 #2771]  WARN -- : log file "/var/log/httpd/healthd/application.log.2020-03-20-08" does not exist
W, [2020-03-20T08:05:36.000494 #2771]  WARN -- : log file "/var/log/httpd/healthd/application.log.2020-03-20-08" does not exist
W, [2020-03-20T08:05:41.000797 #2771]  WARN -- : log file "/var/log/httpd/healthd/application.log.2020-03-20-08" does not exist
W, [2020-03-20T08:05:46.001099 #2771]  WARN -- : log file "/var/log/httpd/healthd/application.log.2020-03-20-08" does not exist
W, [2020-03-20T08:05:51.001399 #2771]  WARN -- : log file "/var/log/httpd/healthd/application.log.2020-03-20-08" does not exist
W, [2020-03-20T08:05:56.001723 #2771]  WARN -- : log file "/var/log/httpd/healthd/application.log.2020-03-20-08" does not exist
W, [2020-03-20T08:06:01.002026 #2771]  WARN -- : log file "/var/log/httpd/healthd/application.log.2020-03-20-08" does not exist
W, [2020-03-20T08:06:06.002326 #2771]  WARN -- : log file "/var/log/httpd/healthd/application.log.2020-03-20-08" does not exist
W, [2020-03-20T08:06:11.002619 #2771]  WARN -- : log file "/var/log/httpd/healthd/application.log.2020-03-20-08" does not exist
W, [2020-03-20T08:06:16.002954 #2771]  WARN -- : log file "/var/log/httpd/healthd/application.log.2020-03-20-08" does not exist
W, [2020-03-20T08:06:21.003259 #2771]  WARN -- : log file "/var/log/httpd/healthd/application.log.2020-03-20-08" does not exist
W, [2020-03-20T08:06:26.003570 #2771]  WARN -- : log file "/var/log/httpd/healthd/application.log.2020-03-20-08" does not exist
W, [2020-03-20T08:06:31.003876 #2771]  WARN -- : log file "/var/log/httpd/healthd/application.log.2020-03-20-08" does not exist
W, [2020-03-20T08:06:36.004191 #2771]  WARN -- : log file "/var/log/httpd/healthd/application.log.2020-03-20-08" does not exist
W, [2020-03-20T08:06:41.004496 #2771]  WARN -- : log file "/var/log/httpd/healthd/application.log.2020-03-20-08" does not exist
W, [2020-03-20T08:06:46.004810 #2771]  WARN -- : log file "/var/log/httpd/healthd/application.log.2020-03-20-08" does not exist
W, [2020-03-20T08:06:51.005098 #2771]  WARN -- : log file "/var/log/httpd/healthd/application.log.2020-03-20-08" does not exist
W, [2020-03-20T08:06:56.005420 #2771]  WARN -- : log file "/var/log/httpd/healthd/application.log.2020-03-20-08" does not exist
W, [2020-03-20T08:07:01.005727 #2771]  WARN -- : log file "/var/log/httpd/healthd/application.log.2020-03-20-08" does not exist
W, [2020-03-20T08:07:06.006035 #2771]  WARN -- : log file "/var/log/httpd/healthd/application.log.2020-03-20-08" does not exist
W, [2020-03-20T08:07:11.006346 #2771]  WARN -- : log file "/var/log/httpd/healthd/application.log.2020-03-20-08" does not exist
W, [2020-03-20T08:07:16.006657 #2771]  WARN -- : log file "/var/log/httpd/healthd/application.log.2020-03-20-08" does not exist
W, [2020-03-20T08:07:21.006961 #2771]  WARN -- : log file "/var/log/httpd/healthd/application.log.2020-03-20-08" does not exist
W, [2020-03-20T08:07:26.007257 #2771]  WARN -- : log file "/var/log/httpd/healthd/application.log.2020-03-20-08" does not exist
W, [2020-03-20T08:07:31.007553 #2771]  WARN -- : log file "/var/log/httpd/healthd/application.log.2020-03-20-08" does not exist
W, [2020-03-20T08:07:36.007863 #2771]  WARN -- : log file "/var/log/httpd/healthd/application.log.2020-03-20-08" does not exist
W, [2020-03-20T08:07:41.008168 #2771]  WARN -- : log file "/var/log/httpd/healthd/application.log.2020-03-20-08" does not exist
W, [2020-03-20T08:07:46.008503 #2771]  WARN -- : log file "/var/log/httpd/healthd/application.log.2020-03-20-08" does not exist
W, [2020-03-20T08:07:51.008825 #2771]  WARN -- : log file "/var/log/httpd/healthd/application.log.2020-03-20-08" does not exist
W, [2020-03-20T08:07:56.009141 #2771]  WARN -- : log file "/var/log/httpd/healthd/application.log.2020-03-20-08" does not exist
W, [2020-03-20T08:08:01.009447 #2771]  WARN -- : log file "/var/log/httpd/healthd/application.log.2020-03-20-08" does not exist
W, [2020-03-20T08:08:06.009778 #2771]  WARN -- : log file "/var/log/httpd/healthd/application.log.2020-03-20-08" does not exist
W, [2020-03-20T08:08:11.010085 #2771]  WARN -- : log file "/var/log/httpd/healthd/application.log.2020-03-20-08" does not exist
W, [2020-03-20T08:08:16.010394 #2771]  WARN -- : log file "/var/log/httpd/healthd/application.log.2020-03-20-08" does not exist
W, [2020-03-20T08:08:21.010721 #2771]  WARN -- : log file "/var/log/httpd/healthd/application.log.2020-03-20-08" does not exist
W, [2020-03-20T08:08:26.011074 #2771]  WARN -- : log file "/var/log/httpd/healthd/application.log.2020-03-20-08" does not exist
W, [2020-03-20T08:08:31.011385 #2771]  WARN -- : log file "/var/log/httpd/healthd/application.log.2020-03-20-08" does not exist
W, [2020-03-20T08:08:36.011729 #2771]  WARN -- : log file "/var/log/httpd/healthd/application.log.2020-03-20-08" does not exist
W, [2020-03-20T08:08:41.012011 #2771]  WARN -- : log file "/var/log/httpd/healthd/application.log.2020-03-20-08" does not exist
W, [2020-03-20T08:08:46.012334 #2771]  WARN -- : log file "/var/log/httpd/healthd/application.log.2020-03-20-08" does not exist
W, [2020-03-20T08:08:51.012654 #2771]  WARN -- : log file "/var/log/httpd/healthd/application.log.2020-03-20-08" does not exist
W, [2020-03-20T08:08:56.013002 #2771]  WARN -- : log file "/var/log/httpd/healthd/application.log.2020-03-20-08" does not exist
W, [2020-03-20T08:09:01.013291 #2771]  WARN -- : log file "/var/log/httpd/healthd/application.log.2020-03-20-08" does not exist
W, [2020-03-20T08:09:06.013603 #2771]  WARN -- : log file "/var/log/httpd/healthd/application.log.2020-03-20-08" does not exist
W, [2020-03-20T08:09:11.013936 #2771]  WARN -- : log file "/var/log/httpd/healthd/application.log.2020-03-20-08" does not exist
W, [2020-03-20T08:09:16.014256 #2771]  WARN -- : log file "/var/log/httpd/healthd/application.log.2020-03-20-08" does not exist
W, [2020-03-20T08:09:21.014590 #2771]  WARN -- : log file "/var/log/httpd/healthd/application.log.2020-03-20-08" does not exist
W, [2020-03-20T08:09:26.014948 #2771]  WARN -- : log file "/var/log/httpd/healthd/application.log.2020-03-20-08" does not exist
W, [2020-03-20T08:09:31.015257 #2771]  WARN -- : log file "/var/log/httpd/healthd/application.log.2020-03-20-08" does not exist
W, [2020-03-20T08:09:36.015554 #2771]  WARN -- : log file "/var/log/httpd/healthd/application.log.2020-03-20-08" does not exist
W, [2020-03-20T08:09:41.015922 #2771]  WARN -- : log file "/var/log/httpd/healthd/application.log.2020-03-20-08" does not exist
W, [2020-03-20T08:09:46.016226 #2771]  WARN -- : log file "/var/log/httpd/healthd/application.log.2020-03-20-08" does not exist
W, [2020-03-20T08:09:51.016559 #2771]  WARN -- : log file "/var/log/httpd/healthd/application.log.2020-03-20-08" does not exist
W, [2020-03-20T08:09:56.016907 #2771]  WARN -- : log file "/var/log/httpd/healthd/application.log.2020-03-20-08" does not exist
W, [2020-03-20T08:10:01.017207 #2771]  WARN -- : log file "/var/log/httpd/healthd/application.log.2020-03-20-08" does not exist
W, [2020-03-20T08:10:06.017512 #2771]  WARN -- : log file "/var/log/httpd/healthd/application.log.2020-03-20-08" does not exist
W, [2020-03-20T08:10:11.017835 #2771]  WARN -- : log file "/var/log/httpd/healthd/application.log.2020-03-20-08" does not exist
W, [2020-03-20T08:10:16.018135 #2771]  WARN -- : log file "/var/log/httpd/healthd/application.log.2020-03-20-08" does not exist
W, [2020-03-20T08:10:21.018441 #2771]  WARN -- : log file "/var/log/httpd/healthd/application.log.2020-03-20-08" does not exist
W, [2020-03-20T08:10:26.018757 #2771]  WARN -- : log file "/var/log/httpd/healthd/application.log.2020-03-20-08" does not exist
W, [2020-03-20T08:10:31.019077 #2771]  WARN -- : log file "/var/log/httpd/healthd/application.log.2020-03-20-08" does not exist
W, [2020-03-20T08:10:36.019377 #2771]  WARN -- : log file "/var/log/httpd/healthd/application.log.2020-03-20-08" does not exist
W, [2020-03-20T08:10:41.019670 #2771]  WARN -- : log file "/var/log/httpd/healthd/application.log.2020-03-20-08" does not exist
W, [2020-03-20T08:10:46.020015 #2771]  WARN -- : log file "/var/log/httpd/healthd/application.log.2020-03-20-08" does not exist
W, [2020-03-20T08:10:51.020341 #2771]  WARN -- : log file "/var/log/httpd/healthd/application.log.2020-03-20-08" does not exist
W, [2020-03-20T08:10:56.020661 #2771]  WARN -- : log file "/var/log/httpd/healthd/application.log.2020-03-20-08" does not exist
W, [2020-03-20T08:11:01.020970 #2771]  WARN -- : log file "/var/log/httpd/healthd/application.log.2020-03-20-08" does not exist
W, [2020-03-20T08:11:06.021308 #2771]  WARN -- : log file "/var/log/httpd/healthd/application.log.2020-03-20-08" does not exist
W, [2020-03-20T08:11:11.021607 #2771]  WARN -- : log file "/var/log/httpd/healthd/application.log.2020-03-20-08" does not exist
W, [2020-03-20T08:11:16.021932 #2771]  WARN -- : log file "/var/log/httpd/healthd/application.log.2020-03-20-08" does not exist
W, [2020-03-20T08:11:21.022231 #2771]  WARN -- : log file "/var/log/httpd/healthd/application.log.2020-03-20-08" does not exist
W, [2020-03-20T08:11:26.022540 #2771]  WARN -- : log file "/var/log/httpd/healthd/application.log.2020-03-20-08" does not exist
W, [2020-03-20T08:11:31.022837 #2771]  WARN -- : log file "/var/log/httpd/healthd/application.log.2020-03-20-08" does not exist
W, [2020-03-20T08:11:36.023127 #2771]  WARN -- : log file "/var/log/httpd/healthd/application.log.2020-03-20-08" does not exist
W, [2020-03-20T08:11:41.023427 #2771]  WARN -- : log file "/var/log/httpd/healthd/application.log.2020-03-20-08" does not exist
W, [2020-03-20T08:11:46.023754 #2771]  WARN -- : log file "/var/log/httpd/healthd/application.log.2020-03-20-08" does not exist
W, [2020-03-20T08:11:51.024057 #2771]  WARN -- : log file "/var/log/httpd/healthd/application.log.2020-03-20-08" does not exist
W, [2020-03-20T08:11:56.024364 #2771]  WARN -- : log file "/var/log/httpd/healthd/application.log.2020-03-20-08" does not exist
W, [2020-03-20T08:12:01.024666 #2771]  WARN -- : log file "/var/log/httpd/healthd/application.log.2020-03-20-08" does not exist
W, [2020-03-20T08:12:06.024969 #2771]  WARN -- : log file "/var/log/httpd/healthd/application.log.2020-03-20-08" does not exist
W, [2020-03-20T08:12:11.025266 #2771]  WARN -- : log file "/var/log/httpd/healthd/application.log.2020-03-20-08" does not exist
W, [2020-03-20T08:12:16.025567 #2771]  WARN -- : log file "/var/log/httpd/healthd/application.log.2020-03-20-08" does not exist
W, [2020-03-20T08:12:21.025869 #2771]  WARN -- : log file "/var/log/httpd/healthd/application.log.2020-03-20-08" does not exist
W, [2020-03-20T08:12:26.026180 #2771]  WARN -- : log file "/var/log/httpd/healthd/application.log.2020-03-20-08" does not exist
W, [2020-03-20T08:12:31.026500 #2771]  WARN -- : log file "/var/log/httpd/healthd/application.log.2020-03-20-08" does not exist
W, [2020-03-20T08:12:36.026826 #2771]  WARN -- : log file "/var/log/httpd/healthd/application.log.2020-03-20-08" does not exist
W, [2020-03-20T08:12:41.027128 #2771]  WARN -- : log file "/var/log/httpd/healthd/application.log.2020-03-20-08" does not exist
W, [2020-03-20T08:12:46.027448 #2771]  WARN -- : log file "/var/log/httpd/healthd/application.log.2020-03-20-08" does not exist
W, [2020-03-20T08:12:51.027759 #2771]  WARN -- : log file "/var/log/httpd/healthd/application.log.2020-03-20-08" does not exist
W, [2020-03-20T08:12:56.028072 #2771]  WARN -- : log file "/var/log/httpd/healthd/application.log.2020-03-20-08" does not exist
W, [2020-03-20T08:13:01.028378 #2771]  WARN -- : log file "/var/log/httpd/healthd/application.log.2020-03-20-08" does not exist
W, [2020-03-20T08:13:06.028695 #2771]  WARN -- : log file "/var/log/httpd/healthd/application.log.2020-03-20-08" does not exist
W, [2020-03-20T08:13:11.028991 #2771]  WARN -- : log file "/var/log/httpd/healthd/application.log.2020-03-20-08" does not exist
W, [2020-03-20T08:13:16.029330 #2771]  WARN -- : log file "/var/log/httpd/healthd/application.log.2020-03-20-08" does not exist
W, [2020-03-20T08:13:21.029652 #2771]  WARN -- : log file "/var/log/httpd/healthd/application.log.2020-03-20-08" does not exist
W, [2020-03-20T08:13:26.029962 #2771]  WARN -- : log file "/var/log/httpd/healthd/application.log.2020-03-20-08" does not exist
W, [2020-03-20T08:13:31.030287 #2771]  WARN -- : log file "/var/log/httpd/healthd/application.log.2020-03-20-08" does not exist
W, [2020-03-20T08:13:36.030595 #2771]  WARN -- : log file "/var/log/httpd/healthd/application.log.2020-03-20-08" does not exist
W, [2020-03-20T08:13:41.030902 #2771]  WARN -- : log file "/var/log/httpd/healthd/application.log.2020-03-20-08" does not exist
W, [2020-03-20T08:13:46.031248 #2771]  WARN -- : log file "/var/log/httpd/healthd/application.log.2020-03-20-08" does not exist
W, [2020-03-20T08:13:51.031564 #2771]  WARN -- : log file "/var/log/httpd/healthd/application.log.2020-03-20-08" does not exist
W, [2020-03-20T08:13:56.031870 #2771]  WARN -- : log file "/var/log/httpd/healthd/application.log.2020-03-20-08" does not exist
W, [2020-03-20T08:14:01.032182 #2771]  WARN -- : log file "/var/log/httpd/healthd/application.log.2020-03-20-08" does not exist
W, [2020-03-20T08:14:06.032536 #2771]  WARN -- : log file "/var/log/httpd/healthd/application.log.2020-03-20-08" does not exist
W, [2020-03-20T08:14:11.032842 #2771]  WARN -- : log file "/var/log/httpd/healthd/application.log.2020-03-20-08" does not exist
W, [2020-03-20T08:14:16.033126 #2771]  WARN -- : log file "/var/log/httpd/healthd/application.log.2020-03-20-08" does not exist
W, [2020-03-20T08:14:21.033426 #2771]  WARN -- : log file "/var/log/httpd/healthd/application.log.2020-03-20-08" does not exist
W, [2020-03-20T08:14:26.033625 #2771]  WARN -- : log file "/var/log/httpd/healthd/application.log.2020-03-20-08" does not exist
W, [2020-03-20T08:14:31.033912 #2771]  WARN -- : log file "/var/log/httpd/healthd/application.log.2020-03-20-08" does not exist
W, [2020-03-20T08:14:36.034222 #2771]  WARN -- : log file "/var/log/httpd/healthd/application.log.2020-03-20-08" does not exist
W, [2020-03-20T08:14:41.034521 #2771]  WARN -- : log file "/var/log/httpd/healthd/application.log.2020-03-20-08" does not exist
W, [2020-03-20T08:14:46.034872 #2771]  WARN -- : log file "/var/log/httpd/healthd/application.log.2020-03-20-08" does not exist
W, [2020-03-20T08:14:51.035175 #2771]  WARN -- : log file "/var/log/httpd/healthd/application.log.2020-03-20-08" does not exist
W, [2020-03-20T08:14:56.035479 #2771]  WARN -- : log file "/var/log/httpd/healthd/application.log.2020-03-20-08" does not exist
W, [2020-03-20T08:15:01.035737 #2771]  WARN -- : log file "/var/log/httpd/healthd/application.log.2020-03-20-08" does not exist
W, [2020-03-20T08:15:06.036045 #2771]  WARN -- : log file "/var/log/httpd/healthd/application.log.2020-03-20-08" does not exist
W, [2020-03-20T08:15:11.036390 #2771]  WARN -- : log file "/var/log/httpd/healthd/application.log.2020-03-20-08" does not exist
W, [2020-03-20T08:15:16.036725 #2771]  WARN -- : log file "/var/log/httpd/healthd/application.log.2020-03-20-08" does not exist
W, [2020-03-20T08:15:21.037039 #2771]  WARN -- : log file "/var/log/httpd/healthd/application.log.2020-03-20-08" does not exist
W, [2020-03-20T08:15:26.037346 #2771]  WARN -- : log file "/var/log/httpd/healthd/application.log.2020-03-20-08" does not exist
W, [2020-03-20T08:15:31.037661 #2771]  WARN -- : log file "/var/log/httpd/healthd/application.log.2020-03-20-08" does not exist
W, [2020-03-20T08:15:36.037977 #2771]  WARN -- : log file "/var/log/httpd/healthd/application.log.2020-03-20-08" does not exist
W, [2020-03-20T08:15:41.038278 #2771]  WARN -- : log file "/var/log/httpd/healthd/application.log.2020-03-20-08" does not exist
W, [2020-03-20T08:15:46.038614 #2771]  WARN -- : log file "/var/log/httpd/healthd/application.log.2020-03-20-08" does not exist
W, [2020-03-20T08:15:51.038923 #2771]  WARN -- : log file "/var/log/httpd/healthd/application.log.2020-03-20-08" does not exist
W, [2020-03-20T08:15:56.039223 #2771]  WARN -- : log file "/var/log/httpd/healthd/application.log.2020-03-20-08" does not exist
W, [2020-03-20T08:16:01.039552 #2771]  WARN -- : log file "/var/log/httpd/healthd/application.log.2020-03-20-08" does not exist
W, [2020-03-20T08:16:06.039858 #2771]  WARN -- : log file "/var/log/httpd/healthd/application.log.2020-03-20-08" does not exist
W, [2020-03-20T08:16:11.040117 #2771]  WARN -- : log file "/var/log/httpd/healthd/application.log.2020-03-20-08" does not exist
W, [2020-03-20T08:16:16.040380 #2771]  WARN -- : log file "/var/log/httpd/healthd/application.log.2020-03-20-08" does not exist
W, [2020-03-20T08:16:21.040676 #2771]  WARN -- : log file "/var/log/httpd/healthd/application.log.2020-03-20-08" does not exist
W, [2020-03-20T08:16:26.041022 #2771]  WARN -- : log file "/var/log/httpd/healthd/application.log.2020-03-20-08" does not exist
W, [2020-03-20T08:16:31.041328 #2771]  WARN -- : log file "/var/log/httpd/healthd/application.log.2020-03-20-08" does not exist
W, [2020-03-20T08:16:36.041641 #2771]  WARN -- : log file "/var/log/httpd/healthd/application.log.2020-03-20-08" does not exist
W, [2020-03-20T08:16:41.041942 #2771]  WARN -- : log file "/var/log/httpd/healthd/application.log.2020-03-20-08" does not exist
W, [2020-03-20T08:16:46.042277 #2771]  WARN -- : log file "/var/log/httpd/healthd/application.log.2020-03-20-08" does not exist
W, [2020-03-20T08:16:51.042604 #2771]  WARN -- : log file "/var/log/httpd/healthd/application.log.2020-03-20-08" does not exist
W, [2020-03-20T08:16:56.042930 #2771]  WARN -- : log file "/var/log/httpd/healthd/application.log.2020-03-20-08" does not exist
W, [2020-03-20T08:17:01.043234 #2771]  WARN -- : log file "/var/log/httpd/healthd/application.log.2020-03-20-08" does not exist
W, [2020-03-20T08:17:06.043550 #2771]  WARN -- : log file "/var/log/httpd/healthd/application.log.2020-03-20-08" does not exist
W, [2020-03-20T08:17:11.043849 #2771]  WARN -- : log file "/var/log/httpd/healthd/application.log.2020-03-20-08" does not exist
W, [2020-03-20T08:17:16.044190 #2771]  WARN -- : log file "/var/log/httpd/healthd/application.log.2020-03-20-08" does not exist
W, [2020-03-20T08:17:21.044488 #2771]  WARN -- : log file "/var/log/httpd/healthd/application.log.2020-03-20-08" does not exist
W, [2020-03-20T08:17:26.044801 #2771]  WARN -- : log file "/var/log/httpd/healthd/application.log.2020-03-20-08" does not exist
W, [2020-03-20T08:17:31.045105 #2771]  WARN -- : log file "/var/log/httpd/healthd/application.log.2020-03-20-08" does not exist
W, [2020-03-20T08:17:36.045485 #2771]  WARN -- : log file "/var/log/httpd/healthd/application.log.2020-03-20-08" does not exist
W, [2020-03-20T08:17:41.045819 #2771]  WARN -- : log file "/var/log/httpd/healthd/application.log.2020-03-20-08" does not exist
W, [2020-03-20T08:17:46.046134 #2771]  WARN -- : log file "/var/log/httpd/healthd/application.log.2020-03-20-08" does not exist
W, [2020-03-20T08:17:51.046489 #2771]  WARN -- : log file "/var/log/httpd/healthd/application.log.2020-03-20-08" does not exist
W, [2020-03-20T08:17:56.046805 #2771]  WARN -- : log file "/var/log/httpd/healthd/application.log.2020-03-20-08" does not exist
W, [2020-03-20T08:18:01.047144 #2771]  WARN -- : log file "/var/log/httpd/healthd/application.log.2020-03-20-08" does not exist
W, [2020-03-20T08:18:06.047456 #2771]  WARN -- : log file "/var/log/httpd/healthd/application.log.2020-03-20-08" does not exist
W, [2020-03-20T08:18:11.047755 #2771]  WARN -- : log file "/var/log/httpd/healthd/application.log.2020-03-20-08" does not exist
W, [2020-03-20T08:18:16.048081 #2771]  WARN -- : log file "/var/log/httpd/healthd/application.log.2020-03-20-08" does not exist
W, [2020-03-20T08:18:21.048440 #2771]  WARN -- : log file "/var/log/httpd/healthd/application.log.2020-03-20-08" does not exist
W, [2020-03-20T08:18:26.048759 #2771]  WARN -- : log file "/var/log/httpd/healthd/application.log.2020-03-20-08" does not exist
W, [2020-03-20T08:18:31.049061 #2771]  WARN -- : log file "/var/log/httpd/healthd/application.log.2020-03-20-08" does not exist
W, [2020-03-20T08:18:36.049384 #2771]  WARN -- : log file "/var/log/httpd/healthd/application.log.2020-03-20-08" does not exist
W, [2020-03-20T08:18:41.049700 #2771]  WARN -- : log file "/var/log/httpd/healthd/application.log.2020-03-20-08" does not exist
W, [2020-03-20T08:18:46.050023 #2771]  WARN -- : log file "/var/log/httpd/healthd/application.log.2020-03-20-08" does not exist
W, [2020-03-20T08:18:51.050349 #2771]  WARN -- : log file "/var/log/httpd/healthd/application.log.2020-03-20-08" does not exist
W, [2020-03-20T08:18:56.050639 #2771]  WARN -- : log file "/var/log/httpd/healthd/application.log.2020-03-20-08" does not exist
W, [2020-03-20T08:19:01.050974 #2771]  WARN -- : log file "/var/log/httpd/healthd/application.log.2020-03-20-08" does not exist
W, [2020-03-20T08:19:06.051288 #2771]  WARN -- : log file "/var/log/httpd/healthd/application.log.2020-03-20-08" does not exist
W, [2020-03-20T08:19:11.051623 #2771]  WARN -- : log file "/var/log/httpd/healthd/application.log.2020-03-20-08" does not exist
W, [2020-03-20T08:19:16.051931 #2771]  WARN -- : log file "/var/log/httpd/healthd/application.log.2020-03-20-08" does not exist
W, [2020-03-20T08:19:21.052230 #2771]  WARN -- : log file "/var/log/httpd/healthd/application.log.2020-03-20-08" does not exist
W, [2020-03-20T08:19:26.052543 #2771]  WARN -- : log file "/var/log/httpd/healthd/application.log.2020-03-20-08" does not exist
W, [2020-03-20T08:19:31.052858 #2771]  WARN -- : log file "/var/log/httpd/healthd/application.log.2020-03-20-08" does not exist
W, [2020-03-20T08:19:36.053204 #2771]  WARN -- : log file "/var/log/httpd/healthd/application.log.2020-03-20-08" does not exist
W, [2020-03-20T08:19:41.053506 #2771]  WARN -- : log file "/var/log/httpd/healthd/application.log.2020-03-20-08" does not exist
W, [2020-03-20T08:19:46.053811 #2771]  WARN -- : log file "/var/log/httpd/healthd/application.log.2020-03-20-08" does not exist
W, [2020-03-20T08:19:51.054116 #2771]  WARN -- : log file "/var/log/httpd/healthd/application.log.2020-03-20-08" does not exist
W, [2020-03-20T08:19:56.054417 #2771]  WARN -- : log file "/var/log/httpd/healthd/application.log.2020-03-20-08" does not exist
W, [2020-03-20T08:20:01.054726 #2771]  WARN -- : log file "/var/log/httpd/healthd/application.log.2020-03-20-08" does not exist
W, [2020-03-20T08:20:06.055054 #2771]  WARN -- : log file "/var/log/httpd/healthd/application.log.2020-03-20-08" does not exist
W, [2020-03-20T08:20:11.055354 #2771]  WARN -- : log file "/var/log/httpd/healthd/application.log.2020-03-20-08" does not exist
W, [2020-03-20T08:20:16.055674 #2771]  WARN -- : log file "/var/log/httpd/healthd/application.log.2020-03-20-08" does not exist
W, [2020-03-20T08:20:21.056011 #2771]  WARN -- : log file "/var/log/httpd/healthd/application.log.2020-03-20-08" does not exist
W, [2020-03-20T08:20:26.056316 #2771]  WARN -- : log file "/var/log/httpd/healthd/application.log.2020-03-20-08" does not exist
W, [2020-03-20T08:20:31.056622 #2771]  WARN -- : log file "/var/log/httpd/healthd/application.log.2020-03-20-08" does not exist
W, [2020-03-20T08:20:36.056959 #2771]  WARN -- : log file "/var/log/httpd/healthd/application.log.2020-03-20-08" does not exist
W, [2020-03-20T08:20:41.057267 #2771]  WARN -- : log file "/var/log/httpd/healthd/application.log.2020-03-20-08" does not exist
W, [2020-03-20T08:20:46.057577 #2771]  WARN -- : log file "/var/log/httpd/healthd/application.log.2020-03-20-08" does not exist
W, [2020-03-20T08:20:51.057899 #2771]  WARN -- : log file "/var/log/httpd/healthd/application.log.2020-03-20-08" does not exist
W, [2020-03-20T08:20:56.058275 #2771]  WARN -- : log file "/var/log/httpd/healthd/application.log.2020-03-20-08" does not exist
W, [2020-03-20T08:21:01.058594 #2771]  WARN -- : log file "/var/log/httpd/healthd/application.log.2020-03-20-08" does not exist
W, [2020-03-20T08:21:06.058924 #2771]  WARN -- : log file "/var/log/httpd/healthd/application.log.2020-03-20-08" does not exist
W, [2020-03-20T08:21:11.059280 #2771]  WARN -- : log file "/var/log/httpd/healthd/application.log.2020-03-20-08" does not exist
W, [2020-03-20T08:21:16.059626 #2771]  WARN -- : log file "/var/log/httpd/healthd/application.log.2020-03-20-08" does not exist
W, [2020-03-20T08:21:21.059952 #2771]  WARN -- : log file "/var/log/httpd/healthd/application.log.2020-03-20-08" does not exist
W, [2020-03-20T08:21:26.060276 #2771]  WARN -- : log file "/var/log/httpd/healthd/application.log.2020-03-20-08" does not exist
W, [2020-03-20T08:21:31.060599 #2771]  WARN -- : log file "/var/log/httpd/healthd/application.log.2020-03-20-08" does not exist
W, [2020-03-20T08:21:36.060922 #2771]  WARN -- : log file "/var/log/httpd/healthd/application.log.2020-03-20-08" does not exist
W, [2020-03-20T08:21:41.061279 #2771]  WARN -- : log file "/var/log/httpd/healthd/application.log.2020-03-20-08" does not exist
W, [2020-03-20T08:21:46.061585 #2771]  WARN -- : log file "/var/log/httpd/healthd/application.log.2020-03-20-08" does not exist
W, [2020-03-20T08:21:51.061904 #2771]  WARN -- : log file "/var/log/httpd/healthd/application.log.2020-03-20-08" does not exist
W, [2020-03-20T08:21:56.062207 #2771]  WARN -- : log file "/var/log/httpd/healthd/application.log.2020-03-20-08" does not exist
W, [2020-03-20T08:22:01.062506 #2771]  WARN -- : log file "/var/log/httpd/healthd/application.log.2020-03-20-08" does not exist
W, [2020-03-20T08:22:06.062829 #2771]  WARN -- : log file "/var/log/httpd/healthd/application.log.2020-03-20-08" does not exist
W, [2020-03-20T08:22:11.063192 #2771]  WARN -- : log file "/var/log/httpd/healthd/application.log.2020-03-20-08" does not exist
W, [2020-03-20T08:22:16.063533 #2771]  WARN -- : log file "/var/log/httpd/healthd/application.log.2020-03-20-08" does not exist
W, [2020-03-20T08:22:21.063830 #2771]  WARN -- : log file "/var/log/httpd/healthd/application.log.2020-03-20-08" does not exist
W, [2020-03-20T08:22:26.064131 #2771]  WARN -- : log file "/var/log/httpd/healthd/application.log.2020-03-20-08" does not exist
W, [2020-03-20T08:22:31.064442 #2771]  WARN -- : log file "/var/log/httpd/healthd/application.log.2020-03-20-08" does not exist
W, [2020-03-20T08:22:36.064753 #2771]  WARN -- : log file "/var/log/httpd/healthd/application.log.2020-03-20-08" does not exist
W, [2020-03-20T08:22:41.065067 #2771]  WARN -- : log file "/var/log/httpd/healthd/application.log.2020-03-20-08" does not exist
W, [2020-03-20T08:22:46.065380 #2771]  WARN -- : log file "/var/log/httpd/healthd/application.log.2020-03-20-08" does not exist
W, [2020-03-20T08:22:51.065689 #2771]  WARN -- : log file "/var/log/httpd/healthd/application.log.2020-03-20-08" does not exist
W, [2020-03-20T08:22:56.066004 #2771]  WARN -- : log file "/var/log/httpd/healthd/application.log.2020-03-20-08" does not exist
W, [2020-03-20T08:23:01.066301 #2771]  WARN -- : log file "/var/log/httpd/healthd/application.log.2020-03-20-08" does not exist
W, [2020-03-20T08:23:06.066612 #2771]  WARN -- : log file "/var/log/httpd/healthd/application.log.2020-03-20-08" does not exist
W, [2020-03-20T08:23:11.066928 #2771]  WARN -- : log file "/var/log/httpd/healthd/application.log.2020-03-20-08" does not exist
W, [2020-03-20T08:23:16.067243 #2771]  WARN -- : log file "/var/log/httpd/healthd/application.log.2020-03-20-08" does not exist
W, [2020-03-20T08:23:21.067559 #2771]  WARN -- : log file "/var/log/httpd/healthd/application.log.2020-03-20-08" does not exist
W, [2020-03-20T08:23:26.067878 #2771]  WARN -- : log file "/var/log/httpd/healthd/application.log.2020-03-20-08" does not exist
W, [2020-03-20T08:23:31.068185 #2771]  WARN -- : log file "/var/log/httpd/healthd/application.log.2020-03-20-08" does not exist
W, [2020-03-20T08:23:36.068509 #2771]  WARN -- : log file "/var/log/httpd/healthd/application.log.2020-03-20-08" does not exist
W, [2020-03-20T08:23:41.068822 #2771]  WARN -- : log file "/var/log/httpd/healthd/application.log.2020-03-20-08" does not exist
W, [2020-03-20T08:23:46.069153 #2771]  WARN -- : log file "/var/log/httpd/healthd/application.log.2020-03-20-08" does not exist
W, [2020-03-20T08:23:51.069472 #2771]  WARN -- : log file "/var/log/httpd/healthd/application.log.2020-03-20-08" does not exist
W, [2020-03-20T08:23:56.069785 #2771]  WARN -- : log file "/var/log/httpd/healthd/application.log.2020-03-20-08" does not exist
W, [2020-03-20T08:24:01.070113 #2771]  WARN -- : log file "/var/log/httpd/healthd/application.log.2020-03-20-08" does not exist
W, [2020-03-20T08:24:06.070437 #2771]  WARN -- : log file "/var/log/httpd/healthd/application.log.2020-03-20-08" does not exist
W, [2020-03-20T08:24:11.070737 #2771]  WARN -- : log file "/var/log/httpd/healthd/application.log.2020-03-20-08" does not exist
W, [2020-03-20T08:24:16.071075 #2771]  WARN -- : log file "/var/log/httpd/healthd/application.log.2020-03-20-08" does not exist
W, [2020-03-20T08:24:21.071391 #2771]  WARN -- : log file "/var/log/httpd/healthd/application.log.2020-03-20-08" does not exist
W, [2020-03-20T08:24:26.071750 #2771]  WARN -- : log file "/var/log/httpd/healthd/application.log.2020-03-20-08" does not exist
W, [2020-03-20T08:24:31.072060 #2771]  WARN -- : log file "/var/log/httpd/healthd/application.log.2020-03-20-08" does not exist
W, [2020-03-20T08:24:36.072376 #2771]  WARN -- : log file "/var/log/httpd/healthd/application.log.2020-03-20-08" does not exist
W, [2020-03-20T08:24:41.072680 #2771]  WARN -- : log file "/var/log/httpd/healthd/application.log.2020-03-20-08" does not exist
W, [2020-03-20T08:24:46.072981 #2771]  WARN -- : log file "/var/log/httpd/healthd/application.log.2020-03-20-08" does not exist
W, [2020-03-20T08:24:51.073305 #2771]  WARN -- : log file "/var/log/httpd/healthd/application.log.2020-03-20-08" does not exist
W, [2020-03-20T08:24:56.073618 #2771]  WARN -- : log file "/var/log/httpd/healthd/application.log.2020-03-20-08" does not exist
W, [2020-03-20T08:25:01.073972 #2771]  WARN -- : log file "/var/log/httpd/healthd/application.log.2020-03-20-08" does not exist
W, [2020-03-20T08:25:06.074278 #2771]  WARN -- : log file "/var/log/httpd/healthd/application.log.2020-03-20-08" does not exist
W, [2020-03-20T08:25:11.074576 #2771]  WARN -- : log file "/var/log/httpd/healthd/application.log.2020-03-20-08" does not exist
W, [2020-03-20T08:25:16.074889 #2771]  WARN -- : log file "/var/log/httpd/healthd/application.log.2020-03-20-08" does not exist
W, [2020-03-20T08:25:21.075218 #2771]  WARN -- : log file "/var/log/httpd/healthd/application.log.2020-03-20-08" does not exist
W, [2020-03-20T08:25:26.075548 #2771]  WARN -- : log file "/var/log/httpd/healthd/application.log.2020-03-20-08" does not exist
W, [2020-03-20T08:25:31.075851 #2771]  WARN -- : log file "/var/log/httpd/healthd/application.log.2020-03-20-08" does not exist
