2020-03-20 07:02:42,608 P2782 [INFO] ************************************************************
2020-03-20 07:02:42,608 P2782 [INFO] ConfigSet _OnInstanceBoot
2020-03-20 07:02:42,612 P2782 [INFO] ++++++++++++++++++++++++++++++++++++++++++++++++++++++++++++
2020-03-20 07:02:42,612 P2782 [INFO] Config AWSEBBaseConfig
2020-03-20 07:02:42,614 P2782 [INFO] ============================================================
2020-03-20 07:02:42,614 P2782 [INFO] Command clearbackupfiles
2020-03-20 07:02:42,617 P2782 [INFO] Completed successfully.
2020-03-20 07:02:42,625 P2782 [INFO] ++++++++++++++++++++++++++++++++++++++++++++++++++++++++++++
2020-03-20 07:02:42,625 P2782 [INFO] Config AWSEBMessageOfTheDay
2020-03-20 07:02:42,626 P2782 [INFO] ============================================================
2020-03-20 07:02:42,626 P2782 [INFO] Command 01clearoriginal
2020-03-20 07:02:42,629 P2782 [INFO] Completed successfully.
2020-03-20 07:02:42,630 P2782 [INFO] ============================================================
2020-03-20 07:02:42,630 P2782 [INFO] Command 02createbanner
2020-03-20 07:02:42,634 P2782 [INFO] Completed successfully.
2020-03-20 07:02:42,634 P2782 [INFO] ============================================================
2020-03-20 07:02:42,634 P2782 [INFO] Command 03updatebanner
2020-03-20 07:02:42,646 P2782 [INFO] Completed successfully.
2020-03-20 07:02:42,652 P2782 [INFO] ++++++++++++++++++++++++++++++++++++++++++++++++++++++++++++
2020-03-20 07:02:42,652 P2782 [INFO] Config AWSEBULimitConfig
2020-03-20 07:02:42,653 P2782 [INFO] ============================================================
2020-03-20 07:02:42,653 P2782 [INFO] Command 00removebackup
2020-03-20 07:02:42,656 P2782 [INFO] Completed successfully.
2020-03-20 07:02:42,661 P2782 [INFO] ++++++++++++++++++++++++++++++++++++++++++++++++++++++++++++
2020-03-20 07:02:42,661 P2782 [INFO] Config AWSEBCfnHupEndpointOverride
2020-03-20 07:02:42,662 P2782 [INFO] ============================================================
2020-03-20 07:02:42,662 P2782 [INFO] Command clearbackupfiles
2020-03-20 07:02:42,665 P2782 [INFO] Completed successfully.
2020-03-20 07:02:42,671 P2782 [INFO] ++++++++++++++++++++++++++++++++++++++++++++++++++++++++++++
2020-03-20 07:02:42,671 P2782 [INFO] Config Infra-InstallContainerHooksPkg
2020-03-20 07:02:42,671 P2782 [INFO] ============================================================
2020-03-20 07:02:42,671 P2782 [INFO] Command 00mkdir
2020-03-20 07:02:42,674 P2782 [INFO] Completed successfully.
2020-03-20 07:02:42,674 P2782 [INFO] ============================================================
2020-03-20 07:02:42,674 P2782 [INFO] Command 01download_container_hooks
2020-03-20 07:02:42,755 P2782 [INFO] Completed successfully.
2020-03-20 07:02:42,755 P2782 [INFO] ============================================================
2020-03-20 07:02:42,755 P2782 [INFO] Command 02install_container_hooks
2020-03-20 07:02:42,778 P2782 [INFO] Completed successfully.
2020-03-20 07:02:42,779 P2782 [INFO] ============================================================
2020-03-20 07:02:42,779 P2782 [INFO] Command 03cleanup
2020-03-20 07:02:42,782 P2782 [INFO] Completed successfully.
2020-03-20 07:02:42,788 P2782 [INFO] ++++++++++++++++++++++++++++++++++++++++++++++++++++++++++++
2020-03-20 07:02:42,788 P2782 [INFO] Config Infra-WriteLeaderTestScript
2020-03-20 07:02:42,793 P2782 [INFO] ++++++++++++++++++++++++++++++++++++++++++++++++++++++++++++
2020-03-20 07:02:42,793 P2782 [INFO] Config Infra-WriteTailLogsConf
2020-03-20 07:02:42,798 P2782 [INFO] ++++++++++++++++++++++++++++++++++++++++++++++++++++++++++++
2020-03-20 07:02:42,798 P2782 [INFO] Config Infra-WriteSystemTailLogsConf
2020-03-20 07:02:42,803 P2782 [INFO] ++++++++++++++++++++++++++++++++++++++++++++++++++++++++++++
2020-03-20 07:02:42,803 P2782 [INFO] Config Infra-WriteBundleLogsConf
2020-03-20 07:02:42,808 P2782 [INFO] ++++++++++++++++++++++++++++++++++++++++++++++++++++++++++++
2020-03-20 07:02:42,808 P2782 [INFO] Config Infra-WritePublishLogsConf
2020-03-20 07:02:42,812 P2782 [INFO] ++++++++++++++++++++++++++++++++++++++++++++++++++++++++++++
2020-03-20 07:02:42,812 P2782 [INFO] Config Infra-WritePublishLogsCron
2020-03-20 07:03:20,167 P3238 [INFO] ************************************************************
2020-03-20 07:03:20,167 P3238 [INFO] ConfigSet Infra-EmbeddedPreBuild
2020-03-20 07:03:20,170 P3238 [INFO] ++++++++++++++++++++++++++++++++++++++++++++++++++++++++++++
2020-03-20 07:03:20,170 P3238 [INFO] Config prebuild_0_eeflow
2020-03-20 07:03:22,772 P3322 [INFO] ************************************************************
2020-03-20 07:03:22,772 P3322 [INFO] ConfigSet Infra-EmbeddedPostBuild
